<?xml version="1.0" encoding="UTF-8"?>
<testsuite xmlns:xsi="http://www.w3.org/2001/XMLSchema-instance" xsi:noNamespaceSchemaLocation="https://maven.apache.org/surefire/maven-surefire-plugin/xsd/surefire-test-report-3.0.xsd" version="3.0" name="tests.HabrTests" time="121.235" tests="17" errors="0" skipped="0" failures="1">
  <properties>
    <property name="java.specification.version" value="13"/>
    <property name="sun.cpu.isalist" value="amd64"/>
    <property name="sun.jnu.encoding" value="Cp1251"/>
    <property name="java.class.path" value="C:\Users\User\IdeaProjects\hometasks-qa-javacourse\hometask10_allure_Integration\target\test-classes;C:\Users\User\IdeaProjects\hometasks-qa-javacourse\hometask10_allure_Integration\target\classes;C:\Users\User\.m2\repository\org\apache\logging\log4j\log4j-core\2.13.0\log4j-core-2.13.0.jar;C:\Users\User\.m2\repository\org\apache\logging\log4j\log4j-api\2.13.0\log4j-api-2.13.0.jar;C:\Users\User\.m2\repository\org\slf4j\slf4j-nop\1.7.13\slf4j-nop-1.7.13.jar;C:\Users\User\.m2\repository\org\slf4j\slf4j-api\1.7.13\slf4j-api-1.7.13.jar;C:\Users\User\.m2\repository\org\seleniumhq\selenium\selenium-java\3.141.59\selenium-java-3.141.59.jar;C:\Users\User\.m2\repository\org\seleniumhq\selenium\selenium-api\3.141.59\selenium-api-3.141.59.jar;C:\Users\User\.m2\repository\org\seleniumhq\selenium\selenium-chrome-driver\3.141.59\selenium-chrome-driver-3.141.59.jar;C:\Users\User\.m2\repository\org\seleniumhq\selenium\selenium-edge-driver\3.141.59\selenium-edge-driver-3.141.59.jar;C:\Users\User\.m2\repository\org\seleniumhq\selenium\selenium-firefox-driver\3.141.59\selenium-firefox-driver-3.141.59.jar;C:\Users\User\.m2\repository\org\seleniumhq\selenium\selenium-ie-driver\3.141.59\selenium-ie-driver-3.141.59.jar;C:\Users\User\.m2\repository\org\seleniumhq\selenium\selenium-opera-driver\3.141.59\selenium-opera-driver-3.141.59.jar;C:\Users\User\.m2\repository\org\seleniumhq\selenium\selenium-remote-driver\3.141.59\selenium-remote-driver-3.141.59.jar;C:\Users\User\.m2\repository\org\seleniumhq\selenium\selenium-safari-driver\3.141.59\selenium-safari-driver-3.141.59.jar;C:\Users\User\.m2\repository\org\seleniumhq\selenium\selenium-support\3.141.59\selenium-support-3.141.59.jar;C:\Users\User\.m2\repository\net\bytebuddy\byte-buddy\1.8.15\byte-buddy-1.8.15.jar;C:\Users\User\.m2\repository\org\apache\commons\commons-exec\1.3\commons-exec-1.3.jar;C:\Users\User\.m2\repository\com\google\guava\guava\25.0-jre\guava-25.0-jre.jar;C:\Users\User\.m2\repository\com\google\code\findbugs\jsr305\1.3.9\jsr305-1.3.9.jar;C:\Users\User\.m2\repository\org\checkerframework\checker-compat-qual\2.0.0\checker-compat-qual-2.0.0.jar;C:\Users\User\.m2\repository\com\google\errorprone\error_prone_annotations\2.1.3\error_prone_annotations-2.1.3.jar;C:\Users\User\.m2\repository\com\google\j2objc\j2objc-annotations\1.1\j2objc-annotations-1.1.jar;C:\Users\User\.m2\repository\org\codehaus\mojo\animal-sniffer-annotations\1.14\animal-sniffer-annotations-1.14.jar;C:\Users\User\.m2\repository\com\squareup\okhttp3\okhttp\3.11.0\okhttp-3.11.0.jar;C:\Users\User\.m2\repository\com\squareup\okio\okio\1.14.0\okio-1.14.0.jar;C:\Users\User\.m2\repository\io\github\bonigarcia\webdrivermanager\3.8.1\webdrivermanager-3.8.1.jar;C:\Users\User\.m2\repository\commons-io\commons-io\2.6\commons-io-2.6.jar;C:\Users\User\.m2\repository\com\google\code\gson\gson\2.8.5\gson-2.8.5.jar;C:\Users\User\.m2\repository\org\apache\commons\commons-lang3\3.8.1\commons-lang3-3.8.1.jar;C:\Users\User\.m2\repository\org\apache\httpcomponents\httpclient\4.5.6\httpclient-4.5.6.jar;C:\Users\User\.m2\repository\org\apache\httpcomponents\httpcore\4.4.10\httpcore-4.4.10.jar;C:\Users\User\.m2\repository\commons-logging\commons-logging\1.2\commons-logging-1.2.jar;C:\Users\User\.m2\repository\commons-codec\commons-codec\1.10\commons-codec-1.10.jar;C:\Users\User\.m2\repository\org\rauschig\jarchivelib\1.0.0\jarchivelib-1.0.0.jar;C:\Users\User\.m2\repository\org\apache\commons\commons-compress\1.18\commons-compress-1.18.jar;C:\Users\User\.m2\repository\org\jsoup\jsoup\1.11.3\jsoup-1.11.3.jar;C:\Users\User\.m2\repository\junit\junit\4.12\junit-4.12.jar;C:\Users\User\.m2\repository\org\hamcrest\hamcrest-core\1.3\hamcrest-core-1.3.jar;C:\Users\User\.m2\repository\io\qameta\allure\allure-junit4\2.13.2\allure-junit4-2.13.2.jar;C:\Users\User\.m2\repository\io\qameta\allure\allure-java-commons\2.13.2\allure-java-commons-2.13.2.jar;C:\Users\User\.m2\repository\io\qameta\allure\allure-model\2.13.2\allure-model-2.13.2.jar;C:\Users\User\.m2\repository\com\fasterxml\jackson\core\jackson-databind\2.9.8\jackson-databind-2.9.8.jar;C:\Users\User\.m2\repository\com\fasterxml\jackson\core\jackson-annotations\2.9.0\jackson-annotations-2.9.0.jar;C:\Users\User\.m2\repository\com\fasterxml\jackson\core\jackson-core\2.9.8\jackson-core-2.9.8.jar;C:\Users\User\.m2\repository\org\apache\tika\tika-core\1.20\tika-core-1.20.jar;C:\Users\User\.m2\repository\org\jooq\joor-java-8\0.9.10\joor-java-8-0.9.10.jar;C:\Users\User\.m2\repository\javax\xml\bind\jaxb-api\2.3.1\jaxb-api-2.3.1.jar;C:\Users\User\.m2\repository\javax\activation\javax.activation-api\1.2.0\javax.activation-api-1.2.0.jar;"/>
    <property name="java.vm.vendor" value="Oracle Corporation"/>
    <property name="sun.arch.data.model" value="64"/>
    <property name="user.variant" value=""/>
    <property name="java.vendor.url" value="https://java.oracle.com/"/>
    <property name="user.timezone" value="Europe/Moscow"/>
    <property name="os.name" value="Windows 10"/>
    <property name="java.vm.specification.version" value="13"/>
    <property name="sun.java.launcher" value="SUN_STANDARD"/>
    <property name="user.country" value="RU"/>
    <property name="sun.boot.library.path" value="C:\Program Files\Java\jdk-13.0.1\bin"/>
    <property name="sun.java.command" value="C:\Users\User\AppData\Local\Temp\surefire1891349790185987317\surefirebooter5546464091709600908.jar C:\Users\User\AppData\Local\Temp\surefire1891349790185987317 2020-04-27T21-51-30_817-jvmRun1 surefire11182936562284424472tmp surefire_09690434283773516557tmp"/>
    <property name="jdk.debug" value="release"/>
    <property name="surefire.test.class.path" value="C:\Users\User\IdeaProjects\hometasks-qa-javacourse\hometask10_allure_Integration\target\test-classes;C:\Users\User\IdeaProjects\hometasks-qa-javacourse\hometask10_allure_Integration\target\classes;C:\Users\User\.m2\repository\org\apache\logging\log4j\log4j-core\2.13.0\log4j-core-2.13.0.jar;C:\Users\User\.m2\repository\org\apache\logging\log4j\log4j-api\2.13.0\log4j-api-2.13.0.jar;C:\Users\User\.m2\repository\org\slf4j\slf4j-nop\1.7.13\slf4j-nop-1.7.13.jar;C:\Users\User\.m2\repository\org\slf4j\slf4j-api\1.7.13\slf4j-api-1.7.13.jar;C:\Users\User\.m2\repository\org\seleniumhq\selenium\selenium-java\3.141.59\selenium-java-3.141.59.jar;C:\Users\User\.m2\repository\org\seleniumhq\selenium\selenium-api\3.141.59\selenium-api-3.141.59.jar;C:\Users\User\.m2\repository\org\seleniumhq\selenium\selenium-chrome-driver\3.141.59\selenium-chrome-driver-3.141.59.jar;C:\Users\User\.m2\repository\org\seleniumhq\selenium\selenium-edge-driver\3.141.59\selenium-edge-driver-3.141.59.jar;C:\Users\User\.m2\repository\org\seleniumhq\selenium\selenium-firefox-driver\3.141.59\selenium-firefox-driver-3.141.59.jar;C:\Users\User\.m2\repository\org\seleniumhq\selenium\selenium-ie-driver\3.141.59\selenium-ie-driver-3.141.59.jar;C:\Users\User\.m2\repository\org\seleniumhq\selenium\selenium-opera-driver\3.141.59\selenium-opera-driver-3.141.59.jar;C:\Users\User\.m2\repository\org\seleniumhq\selenium\selenium-remote-driver\3.141.59\selenium-remote-driver-3.141.59.jar;C:\Users\User\.m2\repository\org\seleniumhq\selenium\selenium-safari-driver\3.141.59\selenium-safari-driver-3.141.59.jar;C:\Users\User\.m2\repository\org\seleniumhq\selenium\selenium-support\3.141.59\selenium-support-3.141.59.jar;C:\Users\User\.m2\repository\net\bytebuddy\byte-buddy\1.8.15\byte-buddy-1.8.15.jar;C:\Users\User\.m2\repository\org\apache\commons\commons-exec\1.3\commons-exec-1.3.jar;C:\Users\User\.m2\repository\com\google\guava\guava\25.0-jre\guava-25.0-jre.jar;C:\Users\User\.m2\repository\com\google\code\findbugs\jsr305\1.3.9\jsr305-1.3.9.jar;C:\Users\User\.m2\repository\org\checkerframework\checker-compat-qual\2.0.0\checker-compat-qual-2.0.0.jar;C:\Users\User\.m2\repository\com\google\errorprone\error_prone_annotations\2.1.3\error_prone_annotations-2.1.3.jar;C:\Users\User\.m2\repository\com\google\j2objc\j2objc-annotations\1.1\j2objc-annotations-1.1.jar;C:\Users\User\.m2\repository\org\codehaus\mojo\animal-sniffer-annotations\1.14\animal-sniffer-annotations-1.14.jar;C:\Users\User\.m2\repository\com\squareup\okhttp3\okhttp\3.11.0\okhttp-3.11.0.jar;C:\Users\User\.m2\repository\com\squareup\okio\okio\1.14.0\okio-1.14.0.jar;C:\Users\User\.m2\repository\io\github\bonigarcia\webdrivermanager\3.8.1\webdrivermanager-3.8.1.jar;C:\Users\User\.m2\repository\commons-io\commons-io\2.6\commons-io-2.6.jar;C:\Users\User\.m2\repository\com\google\code\gson\gson\2.8.5\gson-2.8.5.jar;C:\Users\User\.m2\repository\org\apache\commons\commons-lang3\3.8.1\commons-lang3-3.8.1.jar;C:\Users\User\.m2\repository\org\apache\httpcomponents\httpclient\4.5.6\httpclient-4.5.6.jar;C:\Users\User\.m2\repository\org\apache\httpcomponents\httpcore\4.4.10\httpcore-4.4.10.jar;C:\Users\User\.m2\repository\commons-logging\commons-logging\1.2\commons-logging-1.2.jar;C:\Users\User\.m2\repository\commons-codec\commons-codec\1.10\commons-codec-1.10.jar;C:\Users\User\.m2\repository\org\rauschig\jarchivelib\1.0.0\jarchivelib-1.0.0.jar;C:\Users\User\.m2\repository\org\apache\commons\commons-compress\1.18\commons-compress-1.18.jar;C:\Users\User\.m2\repository\org\jsoup\jsoup\1.11.3\jsoup-1.11.3.jar;C:\Users\User\.m2\repository\junit\junit\4.12\junit-4.12.jar;C:\Users\User\.m2\repository\org\hamcrest\hamcrest-core\1.3\hamcrest-core-1.3.jar;C:\Users\User\.m2\repository\io\qameta\allure\allure-junit4\2.13.2\allure-junit4-2.13.2.jar;C:\Users\User\.m2\repository\io\qameta\allure\allure-java-commons\2.13.2\allure-java-commons-2.13.2.jar;C:\Users\User\.m2\repository\io\qameta\allure\allure-model\2.13.2\allure-model-2.13.2.jar;C:\Users\User\.m2\repository\com\fasterxml\jackson\core\jackson-databind\2.9.8\jackson-databind-2.9.8.jar;C:\Users\User\.m2\repository\com\fasterxml\jackson\core\jackson-annotations\2.9.0\jackson-annotations-2.9.0.jar;C:\Users\User\.m2\repository\com\fasterxml\jackson\core\jackson-core\2.9.8\jackson-core-2.9.8.jar;C:\Users\User\.m2\repository\org\apache\tika\tika-core\1.20\tika-core-1.20.jar;C:\Users\User\.m2\repository\org\jooq\joor-java-8\0.9.10\joor-java-8-0.9.10.jar;C:\Users\User\.m2\repository\javax\xml\bind\jaxb-api\2.3.1\jaxb-api-2.3.1.jar;C:\Users\User\.m2\repository\javax\activation\javax.activation-api\1.2.0\javax.activation-api-1.2.0.jar;"/>
    <property name="allure.results.directory" value="C:\Users\User\IdeaProjects\hometasks-qa-javacourse\hometask10_allure_Integration/target/allure-results"/>
    <property name="sun.cpu.endian" value="little"/>
    <property name="user.home" value="C:\Users\User"/>
    <property name="user.language" value="ru"/>
    <property name="java.specification.vendor" value="Oracle Corporation"/>
    <property name="java.version.date" value="2019-10-15"/>
    <property name="java.home" value="C:\Program Files\Java\jdk-13.0.1"/>
    <property name="file.separator" value="\"/>
    <property name="basedir" value="C:\Users\User\IdeaProjects\hometasks-qa-javacourse\hometask10_allure_Integration"/>
    <property name="java.vm.compressedOopsMode" value="Zero based"/>
    <property name="line.separator" value="&#10;"/>
    <property name="java.vm.specification.vendor" value="Oracle Corporation"/>
    <property name="java.specification.name" value="Java Platform API Specification"/>
    <property name="surefire.real.class.path" value="C:\Users\User\AppData\Local\Temp\surefire1891349790185987317\surefirebooter5546464091709600908.jar"/>
    <property name="user.script" value=""/>
    <property name="sun.management.compiler" value="HotSpot 64-Bit Tiered Compilers"/>
    <property name="java.runtime.version" value="13.0.1+9"/>
    <property name="user.name" value="User"/>
    <property name="path.separator" value=";"/>
    <property name="os.version" value="10.0"/>
    <property name="java.runtime.name" value="Java(TM) SE Runtime Environment"/>
    <property name="file.encoding" value="Cp1251"/>
    <property name="java.vm.name" value="Java HotSpot(TM) 64-Bit Server VM"/>
    <property name="localRepository" value="C:\Users\User\.m2\repository"/>
    <property name="java.vendor.url.bug" value="https://bugreport.java.com/bugreport/"/>
    <property name="java.io.tmpdir" value="C:\Users\User\AppData\Local\Temp\"/>
    <property name="java.version" value="13.0.1"/>
    <property name="user.dir" value="C:\Users\User\IdeaProjects\hometasks-qa-javacourse\hometask10_allure_Integration"/>
    <property name="os.arch" value="amd64"/>
    <property name="java.vm.specification.name" value="Java Virtual Machine Specification"/>
    <property name="idea.version2019.3.1" value="true"/>
    <property name="sun.os.patch.level" value=""/>
    <property name="java.library.path" value="C:\Program Files\Java\jdk-13.0.1\bin;C:\Windows\Sun\Java\bin;C:\Windows\system32;C:\Windows;C:\Program Files (x86)\Common Files\Oracle\Java\javapath;C:\chromedriver;C:\Program Files\NVIDIA Corporation\NVIDIA NvDLISR;C:\Program Files\Git\cmd;C:\Program Files\Docker\Docker\resources\bin;C:\ProgramData\DockerDesktop\version-bin;C:\Program Files (x86)\IncrediBuild;C:\Users\User\scoop\shims;C:\Users\User\IdeaProjects\qa-course1\drivers\geckodriver.exe;."/>
    <property name="java.vm.info" value="mixed mode, sharing"/>
    <property name="java.vendor" value="Oracle Corporation"/>
    <property name="java.vm.version" value="13.0.1+9"/>
    <property name="sun.io.unicode.encoding" value="UnicodeLittle"/>
    <property name="java.class.version" value="57.0"/>
  </properties>
  <testcase name="devThreadOpening" classname="tests.HabrTests" time="4.771"/>
  <testcase name="habrInTwitter" classname="tests.HabrTests" time="4.535"/>
  <testcase name="topPageAvailability" classname="tests.HabrTests" time="4.015"/>
  <testcase name="scienceThreadOpening" classname="tests.HabrTests" time="3.87"/>
  <testcase name="changeLanguageToEnglish" classname="tests.HabrTests" time="5.64"/>
  <testcase name="designThreadOpening" classname="tests.HabrTests" time="2.25"/>
  <testcase name="adminThreadOpening" classname="tests.HabrTests" time="3.711"/>
  <testcase name="habrInFacebook" classname="tests.HabrTests" time="10.014"/>
  <testcase name="habrInVK" classname="tests.HabrTests" time="4.171"/>
  <testcase name="habrInYa" classname="tests.HabrTests" time="3.678"/>
  <testcase name="marketingThreadOpening" classname="tests.HabrTests" time="4.751"/>
  <testcase name="hubPageAvailability" classname="tests.HabrTests" time="4.546"/>
  <testcase name="companiesPageAvailability" classname="tests.HabrTests" time="1.293">
    <failure message="expected:&lt;[сломан для пёстрого отчета]&gt; but was:&lt;[https://habr.com/ru/companies/]&gt;" type="org.junit.ComparisonFailure"><![CDATA[org.junit.ComparisonFailure: expected:<[сломан для пёстрого отчета]> but was:<[https://habr.com/ru/companies/]>
	at tests.HabrTests.companiesPageAvailability(HabrTests.java:91)
]]></failure>
  </testcase>
  <testcase name="newsPageAvailability" classname="tests.HabrTests" time="11.227"/>
  <testcase name="authorPageAvailability" classname="tests.HabrTests" time="3.657"/>
  <testcase name="habrInTelegram" classname="tests.HabrTests" time="22.605"/>
  <testcase name="changeLanguageToRussian" classname="tests.HabrTests" time="15.976"/>
</testsuite>